<?xml version="1.0" encoding="UTF-8"?>
<!-- Generated by org.testng.reporters.JUnitReportReporter -->
<testsuite hostname="DESKTOP-UCQMLR4" failures="0" tests="1" name="TestNg.Day2" time="0.015" errors="0" timestamp="2022-07-23T18:47:53 IST" skipped="0">
  <testcase classname="TestNg.Day2" name="f" time="0.015"/>
  <system-out/>
</testsuite> <!-- TestNg.Day2 -->
