<?xml version="1.0" encoding="UTF-8"?>
<!-- Generated by org.testng.reporters.JUnitReportReporter -->
<testsuite hostname="DESKTOP-UCQMLR4" failures="0" tests="1" name="TestNgDay1.day1" time="10.654" errors="0" timestamp="2022-07-23T18:26:59 IST" skipped="0">
  <testcase classname="TestNgDay1.day1" name="launching" time="10.654"/>
  <system-out/>
</testsuite> <!-- TestNgDay1.day1 -->
