<?xml version="1.0" encoding="UTF-8"?>
<!-- Generated by org.testng.reporters.JUnitReportReporter -->
<testsuite hostname="DESKTOP-UCQMLR4" failures="0" tests="3" name="TestNgDay4.Day4" time="67.745" errors="0" timestamp="2022-07-27T13:34:51 IST" skipped="0">
  <testcase classname="TestNgDay4.Day4" name="launch" time="10.069"/>
  <system-out/>
  <testcase classname="TestNgDay4.Day4" name="todaysdeal" time="13.018"/>
  <system-out/>
  <testcase classname="TestNgDay4.Day4" name="handling" time="44.658"/>
  <system-out/>
</testsuite> <!-- TestNgDay4.Day4 -->
