<?xml version="1.0" encoding="UTF-8"?>
<!-- Generated by org.testng.reporters.JUnitReportReporter -->
<testsuite hostname="DESKTOP-UCQMLR4" failures="0" tests="2" name="TestNgDay4.parademo" time="0.034" errors="0" timestamp="2022-07-26T20:48:15 IST" skipped="0">
  <testcase classname="TestNgDay4.parademo" name="sum" time="0.004"/>
  <system-out/>
  <testcase classname="TestNgDay4.parademo" name="multiplication" time="0.030"/>
  <system-out/>
</testsuite> <!-- TestNgDay4.parademo -->
