<?xml version="1.0" encoding="UTF-8"?>
<!-- Generated by org.testng.reporters.JUnitReportReporter -->
<testsuite hostname="DESKTOP-UCQMLR4" failures="0" tests="1" name="TestNgDay4.split" time="50.485" errors="0" timestamp="2022-07-27T13:15:12 IST" skipped="0">
  <testcase classname="TestNgDay4.split" name="handling" time="50.485"/>
  <system-out/>
</testsuite> <!-- TestNgDay4.split -->
