<?xml version="1.0" encoding="UTF-8"?>
<!-- Generated by org.testng.reporters.JUnitReportReporter -->
<testsuite hostname="DESKTOP-UCQMLR4" failures="0" tests="3" name="testng.day3" time="14.835" errors="0" timestamp="2022-07-28T20:33:05 IST" skipped="0">
  <testcase classname="testng.day3" name="first" time="9.086"/>
  <system-out/>
  <testcase classname="testng.day3" name="second" time="5.330"/>
  <system-out/>
  <testcase classname="testng.day3" name="third" time="0.419"/>
  <system-out/>
</testsuite> <!-- testng.day3 -->
